lan-mouse-ui/android/app/build/intermediates/manifest_merge_blame_file/debug/processDebugMainManifest/manifest-merger-blame-debug-report.txt
1<?xml version="1.0" encoding="utf-8"?>
2<manifest xmlns:android="http://schemas.android.com/apk/res/android"
3    package="de.feschber.lanmouse"
4    android:versionCode="1"
5    android:versionName="0.1.0" >
6
7    <uses-sdk
8        android:minSdkVersion="26"
9        android:targetSdkVersion="35" />
10
11    <uses-permission android:name="android.permission.FOREGROUND_SERVICE" />
11-->src/main/AndroidManifest.xml:2:5-77
11-->src/main/AndroidManifest.xml:2:22-74
12    <uses-permission android:name="android.permission.FOREGROUND_SERVICE_CONNECTED_DEVICE" />
12-->src/main/AndroidManifest.xml:3:5-94
12-->src/main/AndroidManifest.xml:3:22-91
13    <uses-permission android:name="android.permission.POST_NOTIFICATIONS" />
13-->src/main/AndroidManifest.xml:4:5-77
13-->src/main/AndroidManifest.xml:4:22-74
14
15    <application
15-->src/main/AndroidManifest.xml:5:5-22:19
16        android:debuggable="true"
17        android:extractNativeLibs="false"
18        android:label="Lan Mouse"
18-->src/main/AndroidManifest.xml:5:50-75
19        android:theme="@style/AppTheme" >
19-->src/main/AndroidManifest.xml:5:18-49
20        <activity
20-->src/main/AndroidManifest.xml:6:9-17:20
21            android:name="de.feschber.lanmouse.LanMouseActivity"
21-->src/main/AndroidManifest.xml:7:13-45
22            android:exported="true"
22-->src/main/AndroidManifest.xml:8:13-36
23            android:screenOrientation="unspecified" >
23-->src/main/AndroidManifest.xml:9:13-52
24            <meta-data
24-->src/main/AndroidManifest.xml:10:13-12:48
25                android:name="android.app.lib_name"
25-->src/main/AndroidManifest.xml:11:17-52
26                android:value="lan_mouse_ui" />
26-->src/main/AndroidManifest.xml:12:17-45
27
28            <intent-filter>
28-->src/main/AndroidManifest.xml:13:13-16:29
29                <action android:name="android.intent.action.MAIN" />
29-->src/main/AndroidManifest.xml:14:17-69
29-->src/main/AndroidManifest.xml:14:25-66
30
31                <category android:name="android.intent.category.LAUNCHER" />
31-->src/main/AndroidManifest.xml:15:17-77
31-->src/main/AndroidManifest.xml:15:27-74
32            </intent-filter>
33        </activity>
34
35        <service
35-->src/main/AndroidManifest.xml:18:9-21:63
36            android:name="de.feschber.lanmouse.LanMouseForegroundService"
36-->src/main/AndroidManifest.xml:19:13-54
37            android:exported="false"
37-->src/main/AndroidManifest.xml:20:13-37
38            android:foregroundServiceType="connectedDevice" />
38-->src/main/AndroidManifest.xml:21:13-60
39    </application>
40
41</manifest>